<?xml version="1.0" encoding="UTF-8"?>
<!-- Generated by org.testng.reporters.JUnitReportReporter -->
<testsuite hostname="Pavan_Laptop" failures="0" tests="3" name="product.SL_ErrorValidations" time="24.601" errors="0" timestamp="2022-11-18T06:15:21 IST" skipped="0">
  <testcase classname="product.SL_ErrorValidations" name="SL_Password_Missing" time="2.565"/>
  <system-out/>
  <testcase classname="product.SL_ErrorValidations" name="SL_Username_MIssing" time="19.414"/>
  <system-out/>
  <testcase classname="product.SL_ErrorValidations" name="SL_Wrong_Credentials" time="2.622"/>
  <system-out/>
</testsuite> <!-- product.SL_ErrorValidations -->
