<?xml version="1.0" encoding="UTF-8"?>
<!-- Generated by org.testng.reporters.JUnitReportReporter -->
<testsuite hostname="Pavan_Laptop" failures="0" tests="1" name="product.SauceLabs" time="10.817" errors="0" timestamp="2022-11-18T06:15:21 IST" skipped="0">
  <testcase classname="product.SauceLabs" name="PurchaseOrder" time="10.817"/>
  <system-out/>
</testsuite> <!-- product.SauceLabs -->
